[08:25:13] [main/INFO]: Environment: authHost='https://authserver.mojang.com', accountsHost='https://api.mojang.com', sessionHost='https://sessionserver.mojang.com', servicesHost='https://api.minecraftservices.com', name='PROD'
[08:25:13] [main/INFO]: Found new data pack file/bukkit, loading it automatically
[08:25:13] [main/INFO]: Reloading ResourceManager: Default, bukkit
[08:25:14] [Worker-Main-10/INFO]: Loaded 7 recipes
[08:25:17] [Server thread/INFO]: Starting minecraft server version 1.16.5
[08:25:17] [Server thread/INFO]: Loading properties
[08:25:17] [Server thread/INFO]: This server is running CraftBukkit version 2991-Spigot-018b9a0-f3f3094 (MC: 1.16.5) (Implementing API version 1.16.5-R0.1-SNAPSHOT)
[08:25:17] [Server thread/INFO]: Debug logging is disabled
[08:25:17] [Server thread/INFO]: Server Ping Player Sample Count: 12
[08:25:17] [Server thread/INFO]: Using 4 threads for Netty based IO
[08:25:17] [Server thread/INFO]: Default game type: SURVIVAL
[08:25:17] [Server thread/INFO]: Generating keypair
[08:25:18] [Server thread/INFO]: Starting Minecraft server on *:25565
[08:25:18] [Server thread/INFO]: Using default channel type
[08:25:18] [Server thread/INFO]: Preparing level "world"
[08:25:19] [Server thread/INFO]: -------- World Settings For [world] --------
[08:25:19] [Server thread/INFO]: Entity Tracking Range: Pl 48 / An 48 / Mo 48 / Mi 32 / Other 64
[08:25:19] [Server thread/INFO]: Allow Zombie Pigmen to spawn from portal blocks: true
[08:25:19] [Server thread/INFO]: Item Despawn Rate: 6000
[08:25:19] [Server thread/INFO]: Item Merge Radius: 2.5
[08:25:19] [Server thread/INFO]: View Distance: 10
[08:25:19] [Server thread/INFO]: Arrow Despawn Rate: 1200 Trident Respawn Rate:1200
[08:25:19] [Server thread/INFO]: Nerfing mobs spawned from spawners: false
[08:25:19] [Server thread/INFO]: Zombie Aggressive Towards Villager: true
[08:25:19] [Server thread/INFO]: Custom Map Seeds:  Village: 10387312 Desert: 14357617 Igloo: 14357618 Jungle: 14357619 Swamp: 14357620 Monument: 10387313 Ocean: 14357621 Shipwreck: 165745295 End City: 10387313 Slime: 987234911 Bastion: 30084232 Fortress: 30084232 Mansion: 10387319 Fossil: 14357921 Portal: 34222645
[08:25:19] [Server thread/INFO]: Experience Merge Radius: 3.0
[08:25:19] [Server thread/INFO]: Hopper Transfer: 8 Hopper Check: 1 Hopper Amount: 1
[08:25:19] [Server thread/INFO]: Mob Spawn Range: 6
[08:25:19] [Server thread/INFO]: Entity Activation Range: An 32 / Mo 32 / Ra 48 / Mi 16 / Tiv true
[08:25:19] [Server thread/INFO]: Cactus Growth Modifier: 100%
[08:25:19] [Server thread/INFO]: Cane Growth Modifier: 100%
[08:25:19] [Server thread/INFO]: Melon Growth Modifier: 100%
[08:25:19] [Server thread/INFO]: Mushroom Growth Modifier: 100%
[08:25:19] [Server thread/INFO]: Pumpkin Growth Modifier: 100%
[08:25:19] [Server thread/INFO]: Sapling Growth Modifier: 100%
[08:25:19] [Server thread/INFO]: Beetroot Growth Modifier: 100%
[08:25:19] [Server thread/INFO]: Carrot Growth Modifier: 100%
[08:25:19] [Server thread/INFO]: Potato Growth Modifier: 100%
[08:25:19] [Server thread/INFO]: Wheat Growth Modifier: 100%
[08:25:19] [Server thread/INFO]: NetherWart Growth Modifier: 100%
[08:25:19] [Server thread/INFO]: Vine Growth Modifier: 100%
[08:25:19] [Server thread/INFO]: Cocoa Growth Modifier: 100%
[08:25:19] [Server thread/INFO]: Bamboo Growth Modifier: 100%
[08:25:19] [Server thread/INFO]: SweetBerry Growth Modifier: 100%
[08:25:19] [Server thread/INFO]: Kelp Growth Modifier: 100%
[08:25:19] [Server thread/INFO]: Max TNT Explosions: 100
[08:25:19] [Server thread/INFO]: Tile Max Tick Time: 50ms Entity max Tick Time: 50ms
[08:25:19] [Server thread/INFO]: -------- World Settings For [world_nether] --------
[08:25:19] [Server thread/INFO]: Entity Tracking Range: Pl 48 / An 48 / Mo 48 / Mi 32 / Other 64
[08:25:19] [Server thread/INFO]: Allow Zombie Pigmen to spawn from portal blocks: true
[08:25:19] [Server thread/INFO]: Item Despawn Rate: 6000
[08:25:19] [Server thread/INFO]: Item Merge Radius: 2.5
[08:25:19] [Server thread/INFO]: View Distance: 10
[08:25:19] [Server thread/INFO]: Arrow Despawn Rate: 1200 Trident Respawn Rate:1200
[08:25:19] [Server thread/INFO]: Nerfing mobs spawned from spawners: false
[08:25:19] [Server thread/INFO]: Zombie Aggressive Towards Villager: true
[08:25:19] [Server thread/INFO]: Custom Map Seeds:  Village: 10387312 Desert: 14357617 Igloo: 14357618 Jungle: 14357619 Swamp: 14357620 Monument: 10387313 Ocean: 14357621 Shipwreck: 165745295 End City: 10387313 Slime: 987234911 Bastion: 30084232 Fortress: 30084232 Mansion: 10387319 Fossil: 14357921 Portal: 34222645
[08:25:19] [Server thread/INFO]: Experience Merge Radius: 3.0
[08:25:19] [Server thread/INFO]: Hopper Transfer: 8 Hopper Check: 1 Hopper Amount: 1
[08:25:19] [Server thread/INFO]: Mob Spawn Range: 6
[08:25:19] [Server thread/INFO]: Entity Activation Range: An 32 / Mo 32 / Ra 48 / Mi 16 / Tiv true
[08:25:19] [Server thread/INFO]: Cactus Growth Modifier: 100%
[08:25:19] [Server thread/INFO]: Cane Growth Modifier: 100%
[08:25:19] [Server thread/INFO]: Melon Growth Modifier: 100%
[08:25:19] [Server thread/INFO]: Mushroom Growth Modifier: 100%
[08:25:19] [Server thread/INFO]: Pumpkin Growth Modifier: 100%
[08:25:19] [Server thread/INFO]: Sapling Growth Modifier: 100%
[08:25:19] [Server thread/INFO]: Beetroot Growth Modifier: 100%
[08:25:19] [Server thread/INFO]: Carrot Growth Modifier: 100%
[08:25:19] [Server thread/INFO]: Potato Growth Modifier: 100%
[08:25:19] [Server thread/INFO]: Wheat Growth Modifier: 100%
[08:25:19] [Server thread/INFO]: NetherWart Growth Modifier: 100%
[08:25:19] [Server thread/INFO]: Vine Growth Modifier: 100%
[08:25:19] [Server thread/INFO]: Cocoa Growth Modifier: 100%
[08:25:19] [Server thread/INFO]: Bamboo Growth Modifier: 100%
[08:25:19] [Server thread/INFO]: SweetBerry Growth Modifier: 100%
[08:25:19] [Server thread/INFO]: Kelp Growth Modifier: 100%
[08:25:19] [Server thread/INFO]: Max TNT Explosions: 100
[08:25:19] [Server thread/INFO]: Tile Max Tick Time: 50ms Entity max Tick Time: 50ms
[08:25:19] [Server thread/INFO]: -------- World Settings For [world_the_end] --------
[08:25:19] [Server thread/INFO]: Entity Tracking Range: Pl 48 / An 48 / Mo 48 / Mi 32 / Other 64
[08:25:19] [Server thread/INFO]: Allow Zombie Pigmen to spawn from portal blocks: true
[08:25:19] [Server thread/INFO]: Item Despawn Rate: 6000
[08:25:19] [Server thread/INFO]: Item Merge Radius: 2.5
[08:25:19] [Server thread/INFO]: View Distance: 10
[08:25:19] [Server thread/INFO]: Arrow Despawn Rate: 1200 Trident Respawn Rate:1200
[08:25:19] [Server thread/INFO]: Nerfing mobs spawned from spawners: false
[08:25:19] [Server thread/INFO]: Zombie Aggressive Towards Villager: true
[08:25:19] [Server thread/INFO]: Custom Map Seeds:  Village: 10387312 Desert: 14357617 Igloo: 14357618 Jungle: 14357619 Swamp: 14357620 Monument: 10387313 Ocean: 14357621 Shipwreck: 165745295 End City: 10387313 Slime: 987234911 Bastion: 30084232 Fortress: 30084232 Mansion: 10387319 Fossil: 14357921 Portal: 34222645
[08:25:19] [Server thread/INFO]: Experience Merge Radius: 3.0
[08:25:19] [Server thread/INFO]: Hopper Transfer: 8 Hopper Check: 1 Hopper Amount: 1
[08:25:19] [Server thread/INFO]: Mob Spawn Range: 6
[08:25:19] [Server thread/INFO]: Entity Activation Range: An 32 / Mo 32 / Ra 48 / Mi 16 / Tiv true
[08:25:19] [Server thread/INFO]: Cactus Growth Modifier: 100%
[08:25:19] [Server thread/INFO]: Cane Growth Modifier: 100%
[08:25:19] [Server thread/INFO]: Melon Growth Modifier: 100%
[08:25:19] [Server thread/INFO]: Mushroom Growth Modifier: 100%
[08:25:19] [Server thread/INFO]: Pumpkin Growth Modifier: 100%
[08:25:19] [Server thread/INFO]: Sapling Growth Modifier: 100%
[08:25:19] [Server thread/INFO]: Beetroot Growth Modifier: 100%
[08:25:19] [Server thread/INFO]: Carrot Growth Modifier: 100%
[08:25:19] [Server thread/INFO]: Potato Growth Modifier: 100%
[08:25:19] [Server thread/INFO]: Wheat Growth Modifier: 100%
[08:25:19] [Server thread/INFO]: NetherWart Growth Modifier: 100%
[08:25:19] [Server thread/INFO]: Vine Growth Modifier: 100%
[08:25:19] [Server thread/INFO]: Cocoa Growth Modifier: 100%
[08:25:19] [Server thread/INFO]: Bamboo Growth Modifier: 100%
[08:25:19] [Server thread/INFO]: SweetBerry Growth Modifier: 100%
[08:25:19] [Server thread/INFO]: Kelp Growth Modifier: 100%
[08:25:19] [Server thread/INFO]: Max TNT Explosions: 100
[08:25:19] [Server thread/INFO]: Tile Max Tick Time: 50ms Entity max Tick Time: 50ms
[08:25:19] [Server thread/INFO]: Preparing start region for dimension minecraft:overworld
[08:25:22] [Server thread/INFO]: Preparing spawn area: 0%
[08:25:22] [Server thread/INFO]: Preparing spawn area: 0%
[08:25:22] [Server thread/INFO]: Preparing spawn area: 0%
[08:25:22] [Server thread/INFO]: Preparing spawn area: 0%
[08:25:22] [Server thread/INFO]: Preparing spawn area: 0%
[08:25:22] [Server thread/INFO]: Preparing spawn area: 0%
[08:25:22] [Server thread/INFO]: Preparing spawn area: 0%
[08:25:22] [Server thread/INFO]: Preparing spawn area: 0%
[08:25:29] [Worker-Main-12/INFO]: Preparing spawn area: 83%
[08:25:29] [Worker-Main-11/INFO]: Preparing spawn area: 83%
[08:25:29] [Worker-Main-11/INFO]: Preparing spawn area: 83%
[08:25:29] [Worker-Main-11/INFO]: Preparing spawn area: 83%
[08:25:29] [Worker-Main-11/INFO]: Preparing spawn area: 83%
[08:25:29] [Worker-Main-11/INFO]: Preparing spawn area: 83%
[08:25:29] [Worker-Main-11/INFO]: Preparing spawn area: 83%
[08:25:29] [Worker-Main-11/INFO]: Preparing spawn area: 83%
[08:25:29] [Worker-Main-11/INFO]: Preparing spawn area: 83%
[08:25:29] [Worker-Main-11/INFO]: Preparing spawn area: 83%
[08:25:29] [Worker-Main-14/INFO]: Preparing spawn area: 83%
[08:25:29] [Worker-Main-14/INFO]: Preparing spawn area: 83%
[08:25:29] [Worker-Main-14/INFO]: Preparing spawn area: 83%
[08:25:29] [Worker-Main-13/INFO]: Preparing spawn area: 83%
[08:25:30] [Worker-Main-9/INFO]: Preparing spawn area: 83%
[08:25:30] [Worker-Main-12/INFO]: Preparing spawn area: 83%
[08:25:31] [Worker-Main-13/INFO]: Preparing spawn area: 83%
[08:25:31] [Worker-Main-8/INFO]: Preparing spawn area: 83%
[08:25:32] [Worker-Main-9/INFO]: Preparing spawn area: 83%
[08:25:32] [Worker-Main-9/INFO]: Preparing spawn area: 83%
[08:25:33] [Server thread/INFO]: Preparing spawn area: 84%
[08:25:33] [Worker-Main-14/INFO]: Preparing spawn area: 86%
[08:25:34] [Worker-Main-14/INFO]: Preparing spawn area: 86%
[08:25:34] [Worker-Main-8/INFO]: Preparing spawn area: 90%
[08:25:35] [Worker-Main-12/INFO]: Preparing spawn area: 94%
[08:25:36] [Server thread/INFO]: Preparing spawn area: 95%
[08:25:36] [Server thread/INFO]: Time elapsed: 16901 ms
[08:25:36] [Server thread/INFO]: Preparing start region for dimension minecraft:the_nether
[08:25:36] [Worker-Main-9/INFO]: Preparing spawn area: 0%
[08:25:36] [Worker-Main-9/INFO]: Preparing spawn area: 0%
[08:25:37] [Worker-Main-11/INFO]: Preparing spawn area: 0%
[08:25:37] [Worker-Main-8/INFO]: Preparing spawn area: 0%
[08:25:38] [Worker-Main-8/INFO]: Preparing spawn area: 0%
[08:25:38] [Worker-Main-11/INFO]: Preparing spawn area: 0%
[08:25:39] [Worker-Main-11/INFO]: Preparing spawn area: 0%
[08:25:39] [Worker-Main-14/INFO]: Preparing spawn area: 1%
[08:25:40] [Worker-Main-13/INFO]: Preparing spawn area: 1%
[08:25:40] [Worker-Main-8/INFO]: Preparing spawn area: 1%
[08:25:41] [Worker-Main-12/INFO]: Preparing spawn area: 2%
[08:25:41] [Worker-Main-12/INFO]: Preparing spawn area: 3%
[08:25:42] [Worker-Main-15/INFO]: Preparing spawn area: 4%
[08:25:43] [Worker-Main-9/INFO]: Preparing spawn area: 4%
[08:25:43] [Worker-Main-15/INFO]: Preparing spawn area: 4%
[08:25:43] [Worker-Main-14/INFO]: Preparing spawn area: 5%
[08:25:44] [Worker-Main-12/INFO]: Preparing spawn area: 5%
[08:25:44] [Worker-Main-14/INFO]: Preparing spawn area: 6%
[08:25:45] [Worker-Main-11/INFO]: Preparing spawn area: 7%
[08:25:45] [Worker-Main-12/INFO]: Preparing spawn area: 8%
[08:25:46] [Worker-Main-12/INFO]: Preparing spawn area: 9%
[08:25:46] [Worker-Main-15/INFO]: Preparing spawn area: 9%
[08:25:47] [Worker-Main-12/INFO]: Preparing spawn area: 9%
[08:25:47] [Worker-Main-9/INFO]: Preparing spawn area: 10%
[08:25:48] [Worker-Main-9/INFO]: Preparing spawn area: 12%
[08:25:48] [Worker-Main-14/INFO]: Preparing spawn area: 15%
[08:25:49] [Worker-Main-15/INFO]: Preparing spawn area: 15%
[08:25:49] [Worker-Main-8/INFO]: Preparing spawn area: 17%
[08:25:50] [Worker-Main-13/INFO]: Preparing spawn area: 20%
[08:25:50] [Worker-Main-8/INFO]: Preparing spawn area: 22%
[08:25:51] [Worker-Main-11/INFO]: Preparing spawn area: 23%
[08:25:51] [Worker-Main-13/INFO]: Preparing spawn area: 27%
[08:25:52] [Worker-Main-14/INFO]: Preparing spawn area: 31%
[08:25:52] [Worker-Main-9/INFO]: Preparing spawn area: 31%
[08:25:53] [Worker-Main-13/INFO]: Preparing spawn area: 35%
[08:25:53] [Worker-Main-8/INFO]: Preparing spawn area: 39%
[08:25:54] [Worker-Main-11/INFO]: Preparing spawn area: 42%
[08:25:54] [Worker-Main-13/INFO]: Preparing spawn area: 42%
[08:25:55] [Worker-Main-15/INFO]: Preparing spawn area: 44%
[08:25:55] [Worker-Main-14/INFO]: Preparing spawn area: 50%
[08:25:56] [Worker-Main-9/INFO]: Preparing spawn area: 50%
[08:25:56] [Worker-Main-8/INFO]: Preparing spawn area: 56%
[08:25:57] [Worker-Main-14/INFO]: Preparing spawn area: 57%
[08:25:57] [Worker-Main-12/INFO]: Preparing spawn area: 57%
[08:25:58] [Worker-Main-13/INFO]: Preparing spawn area: 63%
[08:25:58] [Worker-Main-9/INFO]: Preparing spawn area: 69%
[08:25:59] [Worker-Main-8/INFO]: Preparing spawn area: 71%
[08:25:59] [Worker-Main-12/INFO]: Preparing spawn area: 77%
[08:26:00] [Worker-Main-12/INFO]: Preparing spawn area: 83%
[08:26:00] [Worker-Main-14/INFO]: Preparing spawn area: 85%
[08:26:01] [Worker-Main-15/INFO]: Preparing spawn area: 89%
[08:26:01] [Worker-Main-12/INFO]: Preparing spawn area: 92%
[08:26:02] [Worker-Main-13/INFO]: Preparing spawn area: 97%
[08:26:02] [Server thread/INFO]: Time elapsed: 26124 ms
[08:26:02] [Server thread/INFO]: Preparing start region for dimension minecraft:the_end
[08:26:02] [Worker-Main-13/INFO]: Preparing spawn area: 0%
[08:26:02] [Worker-Main-8/INFO]: Preparing spawn area: 4%
[08:26:03] [Worker-Main-13/INFO]: Preparing spawn area: 15%
[08:26:04] [Worker-Main-9/INFO]: Preparing spawn area: 17%
[08:26:04] [Worker-Main-14/INFO]: Preparing spawn area: 25%
[08:26:04] [Worker-Main-14/INFO]: Preparing spawn area: 48%
[08:26:05] [Worker-Main-9/INFO]: Preparing spawn area: 71%
[08:26:05] [Worker-Main-11/INFO]: Preparing spawn area: 89%
[08:26:06] [Server thread/INFO]: Time elapsed: 3945 ms
[08:26:06] [Server thread/INFO]: Done (47.350s)! For help, type "help"
[08:26:16] [Server thread/INFO]: Stopping server
[08:26:16] [Server thread/INFO]: Saving players
[08:26:16] [Server thread/INFO]: Saving worlds
[08:26:16] [Server thread/INFO]: Saving chunks for level 'ServerLevel[world]'/minecraft:overworld
[08:26:17] [Server thread/INFO]: ThreadedAnvilChunkStorage (world): All chunks are saved
[08:26:17] [Server thread/INFO]: Saving chunks for level 'ServerLevel[world_nether]'/minecraft:the_nether
[08:26:18] [Server thread/INFO]: ThreadedAnvilChunkStorage (DIM-1): All chunks are saved
[08:26:18] [Server thread/INFO]: Saving chunks for level 'ServerLevel[world_the_end]'/minecraft:the_end
[08:26:19] [Server thread/INFO]: ThreadedAnvilChunkStorage (DIM1): All chunks are saved
[08:26:19] [Server thread/INFO]: ThreadedAnvilChunkStorage (world): All chunks are saved
[08:26:19] [Server thread/INFO]: ThreadedAnvilChunkStorage (DIM-1): All chunks are saved
[08:26:19] [Server thread/INFO]: ThreadedAnvilChunkStorage (DIM1): All chunks are saved
